running egg_info
writing ../../build/demo_action_pkg/demo_action_pkg.egg-info/PKG-INFO
writing dependency_links to ../../build/demo_action_pkg/demo_action_pkg.egg-info/dependency_links.txt
writing entry points to ../../build/demo_action_pkg/demo_action_pkg.egg-info/entry_points.txt
writing requirements to ../../build/demo_action_pkg/demo_action_pkg.egg-info/requires.txt
writing top-level names to ../../build/demo_action_pkg/demo_action_pkg.egg-info/top_level.txt
reading manifest file '../../build/demo_action_pkg/demo_action_pkg.egg-info/SOURCES.txt'
writing manifest file '../../build/demo_action_pkg/demo_action_pkg.egg-info/SOURCES.txt'
running build
running build_py
running install
running install_lib
running install_data
running install_egg_info
removing '/root/ros_ws/install/demo_action_pkg/lib/python3.10/site-packages/demo_action_pkg-0.0.0-py3.10.egg-info' (and everything under it)
Copying ../../build/demo_action_pkg/demo_action_pkg.egg-info to /root/ros_ws/install/demo_action_pkg/lib/python3.10/site-packages/demo_action_pkg-0.0.0-py3.10.egg-info
running install_scripts
Installing listener script to /root/ros_ws/install/demo_action_pkg/lib/demo_action_pkg
Installing talker script to /root/ros_ws/install/demo_action_pkg/lib/demo_action_pkg
writing list of installed files to '/root/ros_ws/build/demo_action_pkg/install.log'
