running develop
running egg_info
creating robot_action_demo.egg-info
writing robot_action_demo.egg-info/PKG-INFO
writing dependency_links to robot_action_demo.egg-info/dependency_links.txt
writing entry points to robot_action_demo.egg-info/entry_points.txt
writing requirements to robot_action_demo.egg-info/requires.txt
writing top-level names to robot_action_demo.egg-info/top_level.txt
writing manifest file 'robot_action_demo.egg-info/SOURCES.txt'
reading manifest file 'robot_action_demo.egg-info/SOURCES.txt'
writing manifest file 'robot_action_demo.egg-info/SOURCES.txt'
running build_ext
Creating /root/ros2_ws/install/robot_action_demo/lib/python3.10/site-packages/robot-action-demo.egg-link (link to .)
Installing robot_action_client script to /root/ros2_ws/install/robot_action_demo/lib/robot_action_demo
Installing robot_action_server script to /root/ros2_ws/install/robot_action_demo/lib/robot_action_demo

Installed /root/ros2_ws/build/robot_action_demo
running symlink_data
creating /root/ros2_ws/install/robot_action_demo/share/ament_index
creating /root/ros2_ws/install/robot_action_demo/share/ament_index/resource_index
creating /root/ros2_ws/install/robot_action_demo/share/ament_index/resource_index/packages
symbolically linking /root/ros2_ws/build/robot_action_demo/resource/robot_action_demo -> /root/ros2_ws/install/robot_action_demo/share/ament_index/resource_index/packages
symbolically linking /root/ros2_ws/build/robot_action_demo/package.xml -> /root/ros2_ws/install/robot_action_demo/share/robot_action_demo
