[0.010s] Invoking command in '/root/ros_ws/build/demo_action_pkg': CMAKE_PREFIX_PATH=/root/ros_ws/install/demo_action_pkg:/opt/ros/humble /usr/bin/cmake /root/ros_ws/src/demo_action_pkg -DAMENT_CMAKE_SYMLINK_INSTALL=1 -DCMAKE_INSTALL_PREFIX=/root/ros_ws/install/demo_action_pkg
[0.049s] -- The C compiler identification is GNU 11.4.0
[0.088s] -- The CXX compiler identification is GNU 11.4.0
[0.093s] -- Detecting C compiler ABI info
[0.198s] -- Detecting C compiler ABI info - done
[0.207s] -- Check for working C compiler: /usr/bin/cc - skipped
[0.208s] -- Detecting C compile features
[0.209s] -- Detecting C compile features - done
[0.216s] -- Detecting CXX compiler ABI info
[0.312s] -- Detecting CXX compiler ABI info - done
[0.320s] -- Check for working CXX compiler: /usr/bin/c++ - skipped
[0.320s] -- Detecting CXX compile features
[0.321s] -- Detecting CXX compile features - done
[0.324s] -- Found ament_cmake: 1.3.12 (/opt/ros/humble/share/ament_cmake/cmake)
[0.408s] -- Found Python3: /usr/bin/python3 (found version "3.10.12") found components: Interpreter 
[0.455s] -- Override CMake install command with custom implementation using symlinks instead of copying resources
[0.473s] -- Found rclpy: 3.3.17 (/opt/ros/humble/share/rclpy/cmake)
[0.473s] -- Found rosidl_default_generators: 1.2.0 (/opt/ros/humble/share/rosidl_default_generators/cmake)
[0.474s] -- Using all available rosidl_typesupport_c: rosidl_typesupport_fastrtps_c;rosidl_typesupport_introspection_c
[0.478s] -- Found rosidl_adapter: 3.1.7 (/opt/ros/humble/share/rosidl_adapter/cmake)
[0.496s] -- Using all available rosidl_typesupport_cpp: rosidl_typesupport_fastrtps_cpp;rosidl_typesupport_introspection_cpp
[0.655s] [31mCMake Error at /opt/ros/humble/share/rosidl_cmake/cmake/rosidl_generate_interfaces.cmake:229 (message):
[0.656s]   Packages installing interfaces must include
[0.656s]   '<member_of_group>rosidl_interface_packages</member_of_group>' in their
[0.657s]   package.xml
[0.657s] Call Stack (most recent call first):
[0.660s]   CMakeLists.txt:11 (rosidl_generate_interfaces)
[0.660s] 
[0.661s] [0m
[0.661s] -- Configuring incomplete, errors occurred!
[0.661s] See also "/root/ros_ws/build/demo_action_pkg/CMakeFiles/CMakeOutput.log".
[0.664s] Invoked command in '/root/ros_ws/build/demo_action_pkg' returned '1': CMAKE_PREFIX_PATH=/root/ros_ws/install/demo_action_pkg:/opt/ros/humble /usr/bin/cmake /root/ros_ws/src/demo_action_pkg -DAMENT_CMAKE_SYMLINK_INSTALL=1 -DCMAKE_INSTALL_PREFIX=/root/ros_ws/install/demo_action_pkg
