[0.300s] Invoking command in '/root/ros_ws/build/demo_action_pkg': PYTHONPATH=/root/ros_ws/build/demo_action_pkg/prefix_override:/usr/lib/python3/dist-packages/colcon_core/task/python/colcon_distutils_commands:/root/ros_ws/install/demo_action_pkg/lib/python3.10/site-packages:${PYTHONPATH} /usr/bin/python3 -W ignore:setup.py install is deprecated -W ignore:easy_install command is deprecated setup.py develop --editable --build-directory /root/ros_ws/build/demo_action_pkg/build --no-deps symlink_data
[0.445s] running develop
[0.485s] running egg_info
[0.485s] creating demo_action_pkg.egg-info
[0.486s] writing demo_action_pkg.egg-info/PKG-INFO
[0.487s] writing dependency_links to demo_action_pkg.egg-info/dependency_links.txt
[0.487s] writing entry points to demo_action_pkg.egg-info/entry_points.txt
[0.488s] writing requirements to demo_action_pkg.egg-info/requires.txt
[0.488s] writing top-level names to demo_action_pkg.egg-info/top_level.txt
[0.489s] writing manifest file 'demo_action_pkg.egg-info/SOURCES.txt'
[0.491s] reading manifest file 'demo_action_pkg.egg-info/SOURCES.txt'
[0.492s] writing manifest file 'demo_action_pkg.egg-info/SOURCES.txt'
[0.493s] running build_ext
[0.493s] Creating /root/ros_ws/install/demo_action_pkg/lib/python3.10/site-packages/demo-action-pkg.egg-link (link to .)
[0.495s] Installing listener script to /root/ros_ws/install/demo_action_pkg/lib/demo_action_pkg
[0.495s] Installing talker script to /root/ros_ws/install/demo_action_pkg/lib/demo_action_pkg
[0.496s] 
[0.497s] Installed /root/ros_ws/build/demo_action_pkg
[0.497s] running symlink_data
[0.498s] creating /root/ros_ws/install/demo_action_pkg/share/ament_index
[0.499s] creating /root/ros_ws/install/demo_action_pkg/share/ament_index/resource_index
[0.500s] creating /root/ros_ws/install/demo_action_pkg/share/ament_index/resource_index/packages
[0.502s] symbolically linking /root/ros_ws/build/demo_action_pkg/resource/demo_action_pkg -> /root/ros_ws/install/demo_action_pkg/share/ament_index/resource_index/packages
[0.504s] symbolically linking /root/ros_ws/build/demo_action_pkg/package.xml -> /root/ros_ws/install/demo_action_pkg/share/demo_action_pkg
[0.515s] Invoked command in '/root/ros_ws/build/demo_action_pkg' returned '0': PYTHONPATH=/root/ros_ws/build/demo_action_pkg/prefix_override:/usr/lib/python3/dist-packages/colcon_core/task/python/colcon_distutils_commands:/root/ros_ws/install/demo_action_pkg/lib/python3.10/site-packages:${PYTHONPATH} /usr/bin/python3 -W ignore:setup.py install is deprecated -W ignore:easy_install command is deprecated setup.py develop --editable --build-directory /root/ros_ws/build/demo_action_pkg/build --no-deps symlink_data
