[0.273s] Invoking command in '/root/ros_ws/src/demo_action_pkg': PYTHONPATH=/root/ros_ws/build/demo_action_pkg/prefix_override:/usr/lib/python3/dist-packages/colcon_core/task/python/colcon_distutils_commands:/root/ros_ws/install/demo_action_pkg/lib/python3.10/site-packages:${PYTHONPATH} /usr/bin/python3 -W ignore:setup.py install is deprecated -W ignore:easy_install command is deprecated setup.py egg_info --egg-base ../../build/demo_action_pkg build --build-base /root/ros_ws/build/demo_action_pkg/build install --record /root/ros_ws/build/demo_action_pkg/install.log --single-version-externally-managed install_data
[0.372s] running egg_info
[0.373s] writing ../../build/demo_action_pkg/demo_action_pkg.egg-info/PKG-INFO
[0.373s] writing dependency_links to ../../build/demo_action_pkg/demo_action_pkg.egg-info/dependency_links.txt
[0.374s] writing entry points to ../../build/demo_action_pkg/demo_action_pkg.egg-info/entry_points.txt
[0.374s] writing requirements to ../../build/demo_action_pkg/demo_action_pkg.egg-info/requires.txt
[0.374s] writing top-level names to ../../build/demo_action_pkg/demo_action_pkg.egg-info/top_level.txt
[0.377s] reading manifest file '../../build/demo_action_pkg/demo_action_pkg.egg-info/SOURCES.txt'
[0.378s] writing manifest file '../../build/demo_action_pkg/demo_action_pkg.egg-info/SOURCES.txt'
[0.378s] running build
[0.378s] running build_py
[0.379s] copying demo_action_pkg/publisher_node.py -> /root/ros_ws/build/demo_action_pkg/build/lib/demo_action_pkg
[0.379s] running install
[0.380s] running install_lib
[0.381s] copying /root/ros_ws/build/demo_action_pkg/build/lib/demo_action_pkg/publisher_node.py -> /root/ros_ws/install/demo_action_pkg/lib/python3.10/site-packages/demo_action_pkg
[0.382s] byte-compiling /root/ros_ws/install/demo_action_pkg/lib/python3.10/site-packages/demo_action_pkg/publisher_node.py to publisher_node.cpython-310.pyc
[0.383s] running install_data
[0.384s] copying package.xml -> /root/ros_ws/install/demo_action_pkg/share/demo_action_pkg
[0.384s] creating /root/ros_ws/install/demo_action_pkg/share/demo_action_pkg/action
[0.385s] copying action/Fibonacci.action -> /root/ros_ws/install/demo_action_pkg/share/demo_action_pkg/action
[0.385s] running install_egg_info
[0.387s] removing '/root/ros_ws/install/demo_action_pkg/lib/python3.10/site-packages/demo_action_pkg-0.0.0-py3.10.egg-info' (and everything under it)
[0.388s] Copying ../../build/demo_action_pkg/demo_action_pkg.egg-info to /root/ros_ws/install/demo_action_pkg/lib/python3.10/site-packages/demo_action_pkg-0.0.0-py3.10.egg-info
[0.395s] running install_scripts
[0.407s] Installing listener script to /root/ros_ws/install/demo_action_pkg/lib/demo_action_pkg
[0.408s] Installing talker script to /root/ros_ws/install/demo_action_pkg/lib/demo_action_pkg
[0.409s] writing list of installed files to '/root/ros_ws/build/demo_action_pkg/install.log'
[0.428s] Invoked command in '/root/ros_ws/src/demo_action_pkg' returned '0': PYTHONPATH=/root/ros_ws/build/demo_action_pkg/prefix_override:/usr/lib/python3/dist-packages/colcon_core/task/python/colcon_distutils_commands:/root/ros_ws/install/demo_action_pkg/lib/python3.10/site-packages:${PYTHONPATH} /usr/bin/python3 -W ignore:setup.py install is deprecated -W ignore:easy_install command is deprecated setup.py egg_info --egg-base ../../build/demo_action_pkg build --build-base /root/ros_ws/build/demo_action_pkg/build install --record /root/ros_ws/build/demo_action_pkg/install.log --single-version-externally-managed install_data
