[0.317s] Invoking command in '/root/ros_ws/src/demo_action_pkg': PYTHONPATH=/root/ros_ws/build/demo_action_pkg/prefix_override:/usr/lib/python3/dist-packages/colcon_core/task/python/colcon_distutils_commands:/root/ros_ws/install/demo_action_pkg/lib/python3.10/site-packages:${PYTHONPATH} /usr/bin/python3 -W ignore:setup.py install is deprecated -W ignore:easy_install command is deprecated setup.py egg_info --egg-base ../../build/demo_action_pkg build --build-base /root/ros_ws/build/demo_action_pkg/build install --record /root/ros_ws/build/demo_action_pkg/install.log --single-version-externally-managed install_data
[0.438s] running egg_info
[0.439s] creating ../../build/demo_action_pkg/demo_action_pkg.egg-info
[0.440s] writing ../../build/demo_action_pkg/demo_action_pkg.egg-info/PKG-INFO
[0.441s] writing dependency_links to ../../build/demo_action_pkg/demo_action_pkg.egg-info/dependency_links.txt
[0.441s] writing entry points to ../../build/demo_action_pkg/demo_action_pkg.egg-info/entry_points.txt
[0.442s] writing requirements to ../../build/demo_action_pkg/demo_action_pkg.egg-info/requires.txt
[0.442s] writing top-level names to ../../build/demo_action_pkg/demo_action_pkg.egg-info/top_level.txt
[0.443s] writing manifest file '../../build/demo_action_pkg/demo_action_pkg.egg-info/SOURCES.txt'
[0.444s] reading manifest file '../../build/demo_action_pkg/demo_action_pkg.egg-info/SOURCES.txt'
[0.445s] writing manifest file '../../build/demo_action_pkg/demo_action_pkg.egg-info/SOURCES.txt'
[0.445s] running build
[0.446s] running build_py
[0.446s] creating /root/ros_ws/build/demo_action_pkg/build
[0.447s] creating /root/ros_ws/build/demo_action_pkg/build/lib
[0.447s] creating /root/ros_ws/build/demo_action_pkg/build/lib/demo_action_pkg
[0.447s] copying demo_action_pkg/subscriber_node.py -> /root/ros_ws/build/demo_action_pkg/build/lib/demo_action_pkg
[0.448s] copying demo_action_pkg/__init__.py -> /root/ros_ws/build/demo_action_pkg/build/lib/demo_action_pkg
[0.448s] copying demo_action_pkg/publisher_node.py -> /root/ros_ws/build/demo_action_pkg/build/lib/demo_action_pkg
[0.449s] running install
[0.450s] running install_lib
[0.450s] creating /root/ros_ws/install/demo_action_pkg/lib/python3.10/site-packages/demo_action_pkg
[0.451s] copying /root/ros_ws/build/demo_action_pkg/build/lib/demo_action_pkg/subscriber_node.py -> /root/ros_ws/install/demo_action_pkg/lib/python3.10/site-packages/demo_action_pkg
[0.452s] copying /root/ros_ws/build/demo_action_pkg/build/lib/demo_action_pkg/__init__.py -> /root/ros_ws/install/demo_action_pkg/lib/python3.10/site-packages/demo_action_pkg
[0.453s] copying /root/ros_ws/build/demo_action_pkg/build/lib/demo_action_pkg/publisher_node.py -> /root/ros_ws/install/demo_action_pkg/lib/python3.10/site-packages/demo_action_pkg
[0.454s] byte-compiling /root/ros_ws/install/demo_action_pkg/lib/python3.10/site-packages/demo_action_pkg/subscriber_node.py to subscriber_node.cpython-310.pyc
[0.455s] byte-compiling /root/ros_ws/install/demo_action_pkg/lib/python3.10/site-packages/demo_action_pkg/__init__.py to __init__.cpython-310.pyc
[0.457s] byte-compiling /root/ros_ws/install/demo_action_pkg/lib/python3.10/site-packages/demo_action_pkg/publisher_node.py to publisher_node.cpython-310.pyc
[0.457s] running install_data
[0.458s] creating /root/ros_ws/install/demo_action_pkg/share/ament_index
[0.458s] creating /root/ros_ws/install/demo_action_pkg/share/ament_index/resource_index
[0.459s] creating /root/ros_ws/install/demo_action_pkg/share/ament_index/resource_index/packages
[0.459s] copying resource/demo_action_pkg -> /root/ros_ws/install/demo_action_pkg/share/ament_index/resource_index/packages
[0.459s] copying package.xml -> /root/ros_ws/install/demo_action_pkg/share/demo_action_pkg
[0.461s] running install_egg_info
[0.463s] Copying ../../build/demo_action_pkg/demo_action_pkg.egg-info to /root/ros_ws/install/demo_action_pkg/lib/python3.10/site-packages/demo_action_pkg-0.0.0-py3.10.egg-info
[0.472s] running install_scripts
[0.487s] Installing listener script to /root/ros_ws/install/demo_action_pkg/lib/demo_action_pkg
[0.488s] Installing talker script to /root/ros_ws/install/demo_action_pkg/lib/demo_action_pkg
[0.489s] writing list of installed files to '/root/ros_ws/build/demo_action_pkg/install.log'
[0.515s] Invoked command in '/root/ros_ws/src/demo_action_pkg' returned '0': PYTHONPATH=/root/ros_ws/build/demo_action_pkg/prefix_override:/usr/lib/python3/dist-packages/colcon_core/task/python/colcon_distutils_commands:/root/ros_ws/install/demo_action_pkg/lib/python3.10/site-packages:${PYTHONPATH} /usr/bin/python3 -W ignore:setup.py install is deprecated -W ignore:easy_install command is deprecated setup.py egg_info --egg-base ../../build/demo_action_pkg build --build-base /root/ros_ws/build/demo_action_pkg/build install --record /root/ros_ws/build/demo_action_pkg/install.log --single-version-externally-managed install_data
