running develop
running egg_info
creating demo_action_pkg.egg-info
writing demo_action_pkg.egg-info/PKG-INFO
writing dependency_links to demo_action_pkg.egg-info/dependency_links.txt
writing entry points to demo_action_pkg.egg-info/entry_points.txt
writing requirements to demo_action_pkg.egg-info/requires.txt
writing top-level names to demo_action_pkg.egg-info/top_level.txt
writing manifest file 'demo_action_pkg.egg-info/SOURCES.txt'
reading manifest file 'demo_action_pkg.egg-info/SOURCES.txt'
writing manifest file 'demo_action_pkg.egg-info/SOURCES.txt'
running build_ext
Creating /root/ros_ws/install/demo_action_pkg/lib/python3.10/site-packages/demo-action-pkg.egg-link (link to .)
Installing fibonacci_client script to /root/ros_ws/install/demo_action_pkg/lib/demo_action_pkg
Installing fibonacci_server script to /root/ros_ws/install/demo_action_pkg/lib/demo_action_pkg
Installing listener script to /root/ros_ws/install/demo_action_pkg/lib/demo_action_pkg
Installing talker script to /root/ros_ws/install/demo_action_pkg/lib/demo_action_pkg

Installed /root/ros_ws/build/demo_action_pkg
running symlink_data
creating /root/ros_ws/install/demo_action_pkg/share/ament_index
creating /root/ros_ws/install/demo_action_pkg/share/ament_index/resource_index
creating /root/ros_ws/install/demo_action_pkg/share/ament_index/resource_index/packages
symbolically linking /root/ros_ws/build/demo_action_pkg/resource/demo_action_pkg -> /root/ros_ws/install/demo_action_pkg/share/ament_index/resource_index/packages
symbolically linking /root/ros_ws/build/demo_action_pkg/package.xml -> /root/ros_ws/install/demo_action_pkg/share/demo_action_pkg
creating /root/ros_ws/install/demo_action_pkg/share/demo_action_pkg/action
symbolically linking /root/ros_ws/build/demo_action_pkg/action/Fibonacci.action -> /root/ros_ws/install/demo_action_pkg/share/demo_action_pkg/action
