[0.284s] Invoking command in '/root/ros_ws/build/demo_action_pkg': PYTHONPATH=/root/ros_ws/build/demo_action_pkg/prefix_override:/usr/lib/python3/dist-packages/colcon_core/task/python/colcon_distutils_commands:/root/ros_ws/install/demo_action_pkg/lib/python3.10/site-packages:${PYTHONPATH} /usr/bin/python3 -W ignore:setup.py install is deprecated -W ignore:easy_install command is deprecated setup.py develop --editable --build-directory /root/ros_ws/build/demo_action_pkg/build --no-deps symlink_data
[0.401s] running develop
[0.445s] running egg_info
[0.446s] creating demo_action_pkg.egg-info
[0.446s] writing demo_action_pkg.egg-info/PKG-INFO
[0.447s] writing dependency_links to demo_action_pkg.egg-info/dependency_links.txt
[0.447s] writing entry points to demo_action_pkg.egg-info/entry_points.txt
[0.448s] writing requirements to demo_action_pkg.egg-info/requires.txt
[0.448s] writing top-level names to demo_action_pkg.egg-info/top_level.txt
[0.449s] writing manifest file 'demo_action_pkg.egg-info/SOURCES.txt'
[0.451s] reading manifest file 'demo_action_pkg.egg-info/SOURCES.txt'
[0.453s] writing manifest file 'demo_action_pkg.egg-info/SOURCES.txt'
[0.454s] running build_ext
[0.454s] Creating /root/ros_ws/install/demo_action_pkg/lib/python3.10/site-packages/demo-action-pkg.egg-link (link to .)
[0.455s] Installing fibonacci_client script to /root/ros_ws/install/demo_action_pkg/lib/demo_action_pkg
[0.456s] Installing fibonacci_server script to /root/ros_ws/install/demo_action_pkg/lib/demo_action_pkg
[0.457s] Installing listener script to /root/ros_ws/install/demo_action_pkg/lib/demo_action_pkg
[0.457s] Installing talker script to /root/ros_ws/install/demo_action_pkg/lib/demo_action_pkg
[0.458s] 
[0.458s] Installed /root/ros_ws/build/demo_action_pkg
[0.459s] running symlink_data
[0.459s] creating /root/ros_ws/install/demo_action_pkg/share/ament_index
[0.459s] creating /root/ros_ws/install/demo_action_pkg/share/ament_index/resource_index
[0.460s] creating /root/ros_ws/install/demo_action_pkg/share/ament_index/resource_index/packages
[0.460s] symbolically linking /root/ros_ws/build/demo_action_pkg/resource/demo_action_pkg -> /root/ros_ws/install/demo_action_pkg/share/ament_index/resource_index/packages
[0.462s] symbolically linking /root/ros_ws/build/demo_action_pkg/package.xml -> /root/ros_ws/install/demo_action_pkg/share/demo_action_pkg
[0.463s] creating /root/ros_ws/install/demo_action_pkg/share/demo_action_pkg/action
[0.464s] symbolically linking /root/ros_ws/build/demo_action_pkg/action/Fibonacci.action -> /root/ros_ws/install/demo_action_pkg/share/demo_action_pkg/action
[0.482s] Invoked command in '/root/ros_ws/build/demo_action_pkg' returned '0': PYTHONPATH=/root/ros_ws/build/demo_action_pkg/prefix_override:/usr/lib/python3/dist-packages/colcon_core/task/python/colcon_distutils_commands:/root/ros_ws/install/demo_action_pkg/lib/python3.10/site-packages:${PYTHONPATH} /usr/bin/python3 -W ignore:setup.py install is deprecated -W ignore:easy_install command is deprecated setup.py develop --editable --build-directory /root/ros_ws/build/demo_action_pkg/build --no-deps symlink_data
