[0.005s] Invoking command in '/root/ros2_ws/build/robot_action_demo_interfaces': /usr/bin/cmake /root/ros2_ws/src/robot_action_demo_interfaces -DCATKIN_INSTALL_INTO_PREFIX_ROOT=0 -DCMAKE_INSTALL_PREFIX=/root/ros2_ws/install/robot_action_demo_interfaces
[0.036s] -- The C compiler identification is GNU 11.4.0
[0.067s] -- The CXX compiler identification is GNU 11.4.0
[0.071s] -- Detecting C compiler ABI info
[0.118s] -- Detecting C compiler ABI info - done
[0.123s] -- Check for working C compiler: /usr/bin/cc - skipped
[0.123s] -- Detecting C compile features
[0.123s] -- Detecting C compile features - done
[0.125s] -- Detecting CXX compiler ABI info
[0.169s] -- Detecting CXX compiler ABI info - done
[0.173s] -- Check for working CXX compiler: /usr/bin/c++ - skipped
[0.174s] -- Detecting CXX compile features
[0.174s] -- Detecting CXX compile features - done
[0.175s] -- Found ament_cmake: 1.3.12 (/opt/ros/humble/share/ament_cmake/cmake)
[0.245s] -- Found Python3: /usr/bin/python3 (found version "3.10.12") found components: Interpreter 
[0.291s] -- Found rosidl_default_generators: 1.2.0 (/opt/ros/humble/share/rosidl_default_generators/cmake)
[0.292s] -- Using all available rosidl_typesupport_c: rosidl_typesupport_fastrtps_c;rosidl_typesupport_introspection_c
[0.295s] -- Found rosidl_adapter: 3.1.7 (/opt/ros/humble/share/rosidl_adapter/cmake)
[0.313s] -- Using all available rosidl_typesupport_cpp: rosidl_typesupport_fastrtps_cpp;rosidl_typesupport_introspection_cpp
[0.486s] -- Found ament_cmake_ros: 0.10.0 (/opt/ros/humble/share/ament_cmake_ros/cmake)
[0.583s] -- Using all available rosidl_typesupport_c: rosidl_typesupport_fastrtps_c;rosidl_typesupport_introspection_c
[0.706s] -- Using all available rosidl_typesupport_cpp: rosidl_typesupport_fastrtps_cpp;rosidl_typesupport_introspection_cpp
[0.715s] -- Found PythonInterp: /usr/bin/python3 (found suitable version "3.10.12", minimum required is "3.6") 
[0.716s] -- Found python_cmake_module: 0.10.0 (/opt/ros/humble/share/python_cmake_module/cmake)
[0.726s] -- Found PythonLibs: /usr/lib/aarch64-linux-gnu/libpython3.10.so (found suitable version "3.10.12", minimum required is "3.5") 
[0.726s] -- Using PYTHON_EXECUTABLE: /usr/bin/python3
[0.726s] -- Using PYTHON_INCLUDE_DIRS: /usr/include/python3.10
[0.726s] -- Using PYTHON_LIBRARIES: /usr/lib/aarch64-linux-gnu/libpython3.10.so
[0.736s] -- Found PythonExtra: .so  
[0.758s] -- Configuring done
[0.778s] -- Generating done
[0.779s] [33mCMake Warning:
[0.779s]   Manually-specified variables were not used by the project:
[0.779s] 
[0.779s]     CATKIN_INSTALL_INTO_PREFIX_ROOT
[0.779s] 
[0.779s] [0m
[0.785s] -- Build files have been written to: /root/ros2_ws/build/robot_action_demo_interfaces
[0.788s] Invoked command in '/root/ros2_ws/build/robot_action_demo_interfaces' returned '0': /usr/bin/cmake /root/ros2_ws/src/robot_action_demo_interfaces -DCATKIN_INSTALL_INTO_PREFIX_ROOT=0 -DCMAKE_INSTALL_PREFIX=/root/ros2_ws/install/robot_action_demo_interfaces
[0.790s] Invoking command in '/root/ros2_ws/build/robot_action_demo_interfaces': /usr/bin/cmake --build /root/ros2_ws/build/robot_action_demo_interfaces -- -j12 -l12
[0.811s] [  3%] [34m[1mGenerating C code for ROS interfaces[0m
[0.815s] [  6%] [34m[1mGenerating C++ code for ROS interfaces[0m
[0.820s] [  6%] Built target ament_cmake_python_copy_robot_action_demo_interfaces
[0.914s] running egg_info
[0.914s] creating robot_action_demo_interfaces.egg-info
[0.914s] writing robot_action_demo_interfaces.egg-info/PKG-INFO
[0.914s] writing dependency_links to robot_action_demo_interfaces.egg-info/dependency_links.txt
[0.914s] writing top-level names to robot_action_demo_interfaces.egg-info/top_level.txt
[0.914s] writing manifest file 'robot_action_demo_interfaces.egg-info/SOURCES.txt'
[0.915s] reading manifest file 'robot_action_demo_interfaces.egg-info/SOURCES.txt'
[0.915s] writing manifest file 'robot_action_demo_interfaces.egg-info/SOURCES.txt'
[0.932s] [  6%] Built target ament_cmake_python_build_robot_action_demo_interfaces_egg
[1.064s] [  6%] Built target robot_action_demo_interfaces__cpp
[1.067s] [  9%] [32mBuilding C object CMakeFiles/robot_action_demo_interfaces__rosidl_generator_c.dir/rosidl_generator_c/robot_action_demo_interfaces/action/detail/move_robot__functions.c.o[0m
[1.069s] [ 12%] [34m[1mGenerating C++ type support dispatch for ROS interfaces[0m
[1.069s] [ 16%] [34m[1mGenerating C++ type support for eProsima Fast-RTPS[0m
[1.069s] [ 19%] [34m[1mGenerating C++ introspection for ROS interfaces[0m
[1.133s] [ 22%] [32m[1mLinking C shared library librobot_action_demo_interfaces__rosidl_generator_c.so[0m
[1.152s] [ 22%] Built target robot_action_demo_interfaces__rosidl_generator_c
[1.157s] [ 32%] [34m[1mGenerating C type support for eProsima Fast-RTPS[0m
[1.157s] [ 32%] [34m[1mGenerating C introspection for ROS interfaces[0m
[1.158s] [ 32%] [34m[1mGenerating C type support dispatch for ROS interfaces[0m
[1.237s] [ 35%] [32mBuilding CXX object CMakeFiles/robot_action_demo_interfaces__rosidl_typesupport_cpp.dir/rosidl_typesupport_cpp/robot_action_demo_interfaces/action/move_robot__type_support.cpp.o[0m
[1.264s] [ 38%] [32mBuilding CXX object CMakeFiles/robot_action_demo_interfaces__rosidl_typesupport_introspection_cpp.dir/rosidl_typesupport_introspection_cpp/robot_action_demo_interfaces/action/detail/move_robot__type_support.cpp.o[0m
[1.298s] [ 41%] [32mBuilding CXX object CMakeFiles/robot_action_demo_interfaces__rosidl_typesupport_fastrtps_cpp.dir/rosidl_typesupport_fastrtps_cpp/robot_action_demo_interfaces/action/detail/dds_fastrtps/move_robot__type_support.cpp.o[0m
[1.323s] [ 45%] [32mBuilding CXX object CMakeFiles/robot_action_demo_interfaces__rosidl_typesupport_c.dir/rosidl_typesupport_c/robot_action_demo_interfaces/action/move_robot__type_support.cpp.o[0m
[1.348s] [ 48%] [32m[1mLinking CXX shared library librobot_action_demo_interfaces__rosidl_typesupport_c.so[0m
[1.371s] [ 51%] [32mBuilding C object CMakeFiles/robot_action_demo_interfaces__rosidl_typesupport_introspection_c.dir/rosidl_typesupport_introspection_c/robot_action_demo_interfaces/action/detail/move_robot__type_support.c.o[0m
[1.372s] [ 51%] Built target robot_action_demo_interfaces__rosidl_typesupport_c
[1.382s] [ 54%] [32mBuilding CXX object CMakeFiles/robot_action_demo_interfaces__rosidl_typesupport_fastrtps_c.dir/rosidl_typesupport_fastrtps_c/robot_action_demo_interfaces/action/detail/move_robot__type_support_c.cpp.o[0m
[1.396s] [ 58%] [32m[1mLinking C shared library librobot_action_demo_interfaces__rosidl_typesupport_introspection_c.so[0m
[1.412s] [ 58%] Built target robot_action_demo_interfaces__rosidl_typesupport_introspection_c
[1.456s] [ 61%] [32m[1mLinking CXX shared library librobot_action_demo_interfaces__rosidl_typesupport_cpp.so[0m
[1.477s] [ 61%] Built target robot_action_demo_interfaces__rosidl_typesupport_cpp
[1.551s] [ 64%] [32m[1mLinking CXX shared library librobot_action_demo_interfaces__rosidl_typesupport_introspection_cpp.so[0m
[1.582s] [ 67%] [32m[1mLinking CXX shared library librobot_action_demo_interfaces__rosidl_typesupport_fastrtps_cpp.so[0m
[1.583s] [ 70%] [32m[1mLinking CXX shared library librobot_action_demo_interfaces__rosidl_typesupport_fastrtps_c.so[0m
[1.590s] [ 70%] Built target robot_action_demo_interfaces__rosidl_typesupport_introspection_cpp
[1.618s] [ 70%] Built target robot_action_demo_interfaces__rosidl_typesupport_fastrtps_cpp
[1.620s] [ 70%] Built target robot_action_demo_interfaces__rosidl_typesupport_fastrtps_c
[1.629s] [ 70%] Built target robot_action_demo_interfaces
[1.639s] [ 74%] [34m[1mGenerating Python code for ROS interfaces[0m
[2.069s] [ 74%] Built target robot_action_demo_interfaces__py
[2.078s] [ 77%] [32mBuilding C object CMakeFiles/robot_action_demo_interfaces__rosidl_generator_py.dir/rosidl_generator_py/robot_action_demo_interfaces/action/_move_robot_s.c.o[0m
[2.152s] [ 80%] [32m[1mLinking C shared library rosidl_generator_py/robot_action_demo_interfaces/librobot_action_demo_interfaces__rosidl_generator_py.so[0m
[2.173s] [ 80%] Built target robot_action_demo_interfaces__rosidl_generator_py
[2.183s] [ 83%] [32mBuilding C object CMakeFiles/robot_action_demo_interfaces__rosidl_typesupport_fastrtps_c__pyext.dir/rosidl_generator_py/robot_action_demo_interfaces/_robot_action_demo_interfaces_s.ep.rosidl_typesupport_fastrtps_c.c.o[0m
[2.183s] [ 90%] [32mBuilding C object CMakeFiles/robot_action_demo_interfaces__rosidl_typesupport_introspection_c__pyext.dir/rosidl_generator_py/robot_action_demo_interfaces/_robot_action_demo_interfaces_s.ep.rosidl_typesupport_introspection_c.c.o[0m
[2.183s] [ 90%] [32mBuilding C object CMakeFiles/robot_action_demo_interfaces__rosidl_typesupport_c__pyext.dir/rosidl_generator_py/robot_action_demo_interfaces/_robot_action_demo_interfaces_s.ep.rosidl_typesupport_c.c.o[0m
[2.246s] [100%] [32m[1mLinking C shared library rosidl_generator_py/robot_action_demo_interfaces/robot_action_demo_interfaces_s__rosidl_typesupport_introspection_c.cpython-310-aarch64-linux-gnu.so[0m
[2.246s] [100%] [32m[1mLinking C shared library rosidl_generator_py/robot_action_demo_interfaces/robot_action_demo_interfaces_s__rosidl_typesupport_fastrtps_c.cpython-310-aarch64-linux-gnu.so[0m
[2.246s] [100%] [32m[1mLinking C shared library rosidl_generator_py/robot_action_demo_interfaces/robot_action_demo_interfaces_s__rosidl_typesupport_c.cpython-310-aarch64-linux-gnu.so[0m
[2.266s] [100%] Built target robot_action_demo_interfaces__rosidl_typesupport_introspection_c__pyext
[2.267s] [100%] Built target robot_action_demo_interfaces__rosidl_typesupport_fastrtps_c__pyext
[2.267s] [100%] Built target robot_action_demo_interfaces__rosidl_typesupport_c__pyext
[2.272s] Invoked command in '/root/ros2_ws/build/robot_action_demo_interfaces' returned '0': /usr/bin/cmake --build /root/ros2_ws/build/robot_action_demo_interfaces -- -j12 -l12
[2.277s] Invoking command in '/root/ros2_ws/build/robot_action_demo_interfaces': /usr/bin/cmake --install /root/ros2_ws/build/robot_action_demo_interfaces
[2.280s] -- Install configuration: ""
[2.280s] -- Installing: /root/ros2_ws/install/robot_action_demo_interfaces/share/ament_index/resource_index/rosidl_interfaces/robot_action_demo_interfaces
[2.281s] -- Installing: /root/ros2_ws/install/robot_action_demo_interfaces/include/robot_action_demo_interfaces/robot_action_demo_interfaces
[2.281s] -- Installing: /root/ros2_ws/install/robot_action_demo_interfaces/include/robot_action_demo_interfaces/robot_action_demo_interfaces/msg
[2.281s] -- Installing: /root/ros2_ws/install/robot_action_demo_interfaces/include/robot_action_demo_interfaces/robot_action_demo_interfaces/msg/rosidl_generator_c__visibility_control.h
[2.281s] -- Installing: /root/ros2_ws/install/robot_action_demo_interfaces/include/robot_action_demo_interfaces/robot_action_demo_interfaces/action
[2.281s] -- Installing: /root/ros2_ws/install/robot_action_demo_interfaces/include/robot_action_demo_interfaces/robot_action_demo_interfaces/action/detail
[2.281s] -- Installing: /root/ros2_ws/install/robot_action_demo_interfaces/include/robot_action_demo_interfaces/robot_action_demo_interfaces/action/detail/move_robot__struct.h
[2.281s] -- Installing: /root/ros2_ws/install/robot_action_demo_interfaces/include/robot_action_demo_interfaces/robot_action_demo_interfaces/action/detail/move_robot__functions.h
[2.281s] -- Installing: /root/ros2_ws/install/robot_action_demo_interfaces/include/robot_action_demo_interfaces/robot_action_demo_interfaces/action/detail/move_robot__functions.c
[2.281s] -- Installing: /root/ros2_ws/install/robot_action_demo_interfaces/include/robot_action_demo_interfaces/robot_action_demo_interfaces/action/detail/move_robot__type_support.h
[2.281s] -- Installing: /root/ros2_ws/install/robot_action_demo_interfaces/include/robot_action_demo_interfaces/robot_action_demo_interfaces/action/move_robot.h
[2.281s] -- Installing: /root/ros2_ws/install/robot_action_demo_interfaces/share/robot_action_demo_interfaces/environment/library_path.sh
[2.281s] -- Installing: /root/ros2_ws/install/robot_action_demo_interfaces/share/robot_action_demo_interfaces/environment/library_path.dsv
[2.282s] -- Installing: /root/ros2_ws/install/robot_action_demo_interfaces/lib/librobot_action_demo_interfaces__rosidl_generator_c.so
[2.282s] -- Set runtime path of "/root/ros2_ws/install/robot_action_demo_interfaces/lib/librobot_action_demo_interfaces__rosidl_generator_c.so" to ""
[2.282s] -- Up-to-date: /root/ros2_ws/install/robot_action_demo_interfaces/include/robot_action_demo_interfaces/robot_action_demo_interfaces
[2.282s] -- Up-to-date: /root/ros2_ws/install/robot_action_demo_interfaces/include/robot_action_demo_interfaces/robot_action_demo_interfaces/msg
[2.282s] -- Installing: /root/ros2_ws/install/robot_action_demo_interfaces/include/robot_action_demo_interfaces/robot_action_demo_interfaces/msg/rosidl_typesupport_fastrtps_c__visibility_control.h
[2.282s] -- Up-to-date: /root/ros2_ws/install/robot_action_demo_interfaces/include/robot_action_demo_interfaces/robot_action_demo_interfaces/action
[2.282s] -- Up-to-date: /root/ros2_ws/install/robot_action_demo_interfaces/include/robot_action_demo_interfaces/robot_action_demo_interfaces/action/detail
[2.282s] -- Installing: /root/ros2_ws/install/robot_action_demo_interfaces/include/robot_action_demo_interfaces/robot_action_demo_interfaces/action/detail/move_robot__rosidl_typesupport_fastrtps_c.h
[2.282s] -- Installing: /root/ros2_ws/install/robot_action_demo_interfaces/lib/librobot_action_demo_interfaces__rosidl_typesupport_fastrtps_c.so
[2.282s] -- Set runtime path of "/root/ros2_ws/install/robot_action_demo_interfaces/lib/librobot_action_demo_interfaces__rosidl_typesupport_fastrtps_c.so" to ""
[2.282s] -- Up-to-date: /root/ros2_ws/install/robot_action_demo_interfaces/include/robot_action_demo_interfaces/robot_action_demo_interfaces
[2.282s] -- Up-to-date: /root/ros2_ws/install/robot_action_demo_interfaces/include/robot_action_demo_interfaces/robot_action_demo_interfaces/msg
[2.282s] -- Installing: /root/ros2_ws/install/robot_action_demo_interfaces/include/robot_action_demo_interfaces/robot_action_demo_interfaces/msg/rosidl_typesupport_introspection_c__visibility_control.h
[2.283s] -- Up-to-date: /root/ros2_ws/install/robot_action_demo_interfaces/include/robot_action_demo_interfaces/robot_action_demo_interfaces/action
[2.283s] -- Up-to-date: /root/ros2_ws/install/robot_action_demo_interfaces/include/robot_action_demo_interfaces/robot_action_demo_interfaces/action/detail
[2.283s] -- Installing: /root/ros2_ws/install/robot_action_demo_interfaces/include/robot_action_demo_interfaces/robot_action_demo_interfaces/action/detail/move_robot__rosidl_typesupport_introspection_c.h
[2.283s] -- Installing: /root/ros2_ws/install/robot_action_demo_interfaces/include/robot_action_demo_interfaces/robot_action_demo_interfaces/action/detail/move_robot__type_support.c
[2.283s] -- Installing: /root/ros2_ws/install/robot_action_demo_interfaces/lib/librobot_action_demo_interfaces__rosidl_typesupport_introspection_c.so
[2.283s] -- Set runtime path of "/root/ros2_ws/install/robot_action_demo_interfaces/lib/librobot_action_demo_interfaces__rosidl_typesupport_introspection_c.so" to ""
[2.283s] -- Installing: /root/ros2_ws/install/robot_action_demo_interfaces/lib/librobot_action_demo_interfaces__rosidl_typesupport_c.so
[2.283s] -- Set runtime path of "/root/ros2_ws/install/robot_action_demo_interfaces/lib/librobot_action_demo_interfaces__rosidl_typesupport_c.so" to ""
[2.283s] -- Up-to-date: /root/ros2_ws/install/robot_action_demo_interfaces/include/robot_action_demo_interfaces/robot_action_demo_interfaces
[2.283s] -- Up-to-date: /root/ros2_ws/install/robot_action_demo_interfaces/include/robot_action_demo_interfaces/robot_action_demo_interfaces/msg
[2.283s] -- Installing: /root/ros2_ws/install/robot_action_demo_interfaces/include/robot_action_demo_interfaces/robot_action_demo_interfaces/msg/rosidl_generator_cpp__visibility_control.hpp
[2.283s] -- Up-to-date: /root/ros2_ws/install/robot_action_demo_interfaces/include/robot_action_demo_interfaces/robot_action_demo_interfaces/action
[2.283s] -- Up-to-date: /root/ros2_ws/install/robot_action_demo_interfaces/include/robot_action_demo_interfaces/robot_action_demo_interfaces/action/detail
[2.283s] -- Installing: /root/ros2_ws/install/robot_action_demo_interfaces/include/robot_action_demo_interfaces/robot_action_demo_interfaces/action/detail/move_robot__struct.hpp
[2.283s] -- Installing: /root/ros2_ws/install/robot_action_demo_interfaces/include/robot_action_demo_interfaces/robot_action_demo_interfaces/action/detail/move_robot__builder.hpp
[2.284s] -- Installing: /root/ros2_ws/install/robot_action_demo_interfaces/include/robot_action_demo_interfaces/robot_action_demo_interfaces/action/detail/move_robot__traits.hpp
[2.284s] -- Installing: /root/ros2_ws/install/robot_action_demo_interfaces/include/robot_action_demo_interfaces/robot_action_demo_interfaces/action/detail/move_robot__type_support.hpp
[2.284s] -- Installing: /root/ros2_ws/install/robot_action_demo_interfaces/include/robot_action_demo_interfaces/robot_action_demo_interfaces/action/move_robot.hpp
[2.284s] -- Up-to-date: /root/ros2_ws/install/robot_action_demo_interfaces/include/robot_action_demo_interfaces/robot_action_demo_interfaces
[2.284s] -- Up-to-date: /root/ros2_ws/install/robot_action_demo_interfaces/include/robot_action_demo_interfaces/robot_action_demo_interfaces/msg
[2.284s] -- Installing: /root/ros2_ws/install/robot_action_demo_interfaces/include/robot_action_demo_interfaces/robot_action_demo_interfaces/msg/rosidl_typesupport_fastrtps_cpp__visibility_control.h
[2.284s] -- Up-to-date: /root/ros2_ws/install/robot_action_demo_interfaces/include/robot_action_demo_interfaces/robot_action_demo_interfaces/action
[2.284s] -- Up-to-date: /root/ros2_ws/install/robot_action_demo_interfaces/include/robot_action_demo_interfaces/robot_action_demo_interfaces/action/detail
[2.284s] -- Installing: /root/ros2_ws/install/robot_action_demo_interfaces/include/robot_action_demo_interfaces/robot_action_demo_interfaces/action/detail/dds_fastrtps
[2.284s] -- Installing: /root/ros2_ws/install/robot_action_demo_interfaces/include/robot_action_demo_interfaces/robot_action_demo_interfaces/action/detail/move_robot__rosidl_typesupport_fastrtps_cpp.hpp
[2.284s] -- Installing: /root/ros2_ws/install/robot_action_demo_interfaces/lib/librobot_action_demo_interfaces__rosidl_typesupport_fastrtps_cpp.so
[2.284s] -- Set runtime path of "/root/ros2_ws/install/robot_action_demo_interfaces/lib/librobot_action_demo_interfaces__rosidl_typesupport_fastrtps_cpp.so" to ""
[2.284s] -- Up-to-date: /root/ros2_ws/install/robot_action_demo_interfaces/include/robot_action_demo_interfaces/robot_action_demo_interfaces
[2.284s] -- Up-to-date: /root/ros2_ws/install/robot_action_demo_interfaces/include/robot_action_demo_interfaces/robot_action_demo_interfaces/action
[2.284s] -- Up-to-date: /root/ros2_ws/install/robot_action_demo_interfaces/include/robot_action_demo_interfaces/robot_action_demo_interfaces/action/detail
[2.284s] -- Installing: /root/ros2_ws/install/robot_action_demo_interfaces/include/robot_action_demo_interfaces/robot_action_demo_interfaces/action/detail/move_robot__type_support.cpp
[2.284s] -- Installing: /root/ros2_ws/install/robot_action_demo_interfaces/include/robot_action_demo_interfaces/robot_action_demo_interfaces/action/detail/move_robot__rosidl_typesupport_introspection_cpp.hpp
[2.284s] -- Installing: /root/ros2_ws/install/robot_action_demo_interfaces/lib/librobot_action_demo_interfaces__rosidl_typesupport_introspection_cpp.so
[2.284s] -- Set runtime path of "/root/ros2_ws/install/robot_action_demo_interfaces/lib/librobot_action_demo_interfaces__rosidl_typesupport_introspection_cpp.so" to ""
[2.285s] -- Installing: /root/ros2_ws/install/robot_action_demo_interfaces/lib/librobot_action_demo_interfaces__rosidl_typesupport_cpp.so
[2.285s] -- Set runtime path of "/root/ros2_ws/install/robot_action_demo_interfaces/lib/librobot_action_demo_interfaces__rosidl_typesupport_cpp.so" to ""
[2.285s] -- Installing: /root/ros2_ws/install/robot_action_demo_interfaces/share/robot_action_demo_interfaces/environment/pythonpath.sh
[2.285s] -- Installing: /root/ros2_ws/install/robot_action_demo_interfaces/share/robot_action_demo_interfaces/environment/pythonpath.dsv
[2.285s] -- Installing: /root/ros2_ws/install/robot_action_demo_interfaces/local/lib/python3.10/dist-packages/robot_action_demo_interfaces-0.0.0-py3.10.egg-info
[2.285s] -- Installing: /root/ros2_ws/install/robot_action_demo_interfaces/local/lib/python3.10/dist-packages/robot_action_demo_interfaces-0.0.0-py3.10.egg-info/PKG-INFO
[2.285s] -- Installing: /root/ros2_ws/install/robot_action_demo_interfaces/local/lib/python3.10/dist-packages/robot_action_demo_interfaces-0.0.0-py3.10.egg-info/top_level.txt
[2.285s] -- Installing: /root/ros2_ws/install/robot_action_demo_interfaces/local/lib/python3.10/dist-packages/robot_action_demo_interfaces-0.0.0-py3.10.egg-info/SOURCES.txt
[2.285s] -- Installing: /root/ros2_ws/install/robot_action_demo_interfaces/local/lib/python3.10/dist-packages/robot_action_demo_interfaces-0.0.0-py3.10.egg-info/dependency_links.txt
[2.285s] -- Installing: /root/ros2_ws/install/robot_action_demo_interfaces/local/lib/python3.10/dist-packages/robot_action_demo_interfaces
[2.285s] -- Installing: /root/ros2_ws/install/robot_action_demo_interfaces/local/lib/python3.10/dist-packages/robot_action_demo_interfaces/_robot_action_demo_interfaces_s.ep.rosidl_typesupport_introspection_c.c
[2.285s] -- Installing: /root/ros2_ws/install/robot_action_demo_interfaces/local/lib/python3.10/dist-packages/robot_action_demo_interfaces/__init__.py
[2.286s] -- Installing: /root/ros2_ws/install/robot_action_demo_interfaces/local/lib/python3.10/dist-packages/robot_action_demo_interfaces/robot_action_demo_interfaces_s__rosidl_typesupport_fastrtps_c.cpython-310-aarch64-linux-gnu.so
[2.286s] -- Installing: /root/ros2_ws/install/robot_action_demo_interfaces/local/lib/python3.10/dist-packages/robot_action_demo_interfaces/robot_action_demo_interfaces_s__rosidl_typesupport_introspection_c.cpython-310-aarch64-linux-gnu.so
[2.286s] -- Installing: /root/ros2_ws/install/robot_action_demo_interfaces/local/lib/python3.10/dist-packages/robot_action_demo_interfaces/_robot_action_demo_interfaces_s.ep.rosidl_typesupport_fastrtps_c.c
[2.286s] -- Installing: /root/ros2_ws/install/robot_action_demo_interfaces/local/lib/python3.10/dist-packages/robot_action_demo_interfaces/_robot_action_demo_interfaces_s.ep.rosidl_typesupport_c.c
[2.286s] -- Installing: /root/ros2_ws/install/robot_action_demo_interfaces/local/lib/python3.10/dist-packages/robot_action_demo_interfaces/librobot_action_demo_interfaces__rosidl_generator_py.so
[2.286s] -- Installing: /root/ros2_ws/install/robot_action_demo_interfaces/local/lib/python3.10/dist-packages/robot_action_demo_interfaces/action
[2.286s] -- Installing: /root/ros2_ws/install/robot_action_demo_interfaces/local/lib/python3.10/dist-packages/robot_action_demo_interfaces/action/_move_robot.py
[2.286s] -- Installing: /root/ros2_ws/install/robot_action_demo_interfaces/local/lib/python3.10/dist-packages/robot_action_demo_interfaces/action/__init__.py
[2.286s] -- Installing: /root/ros2_ws/install/robot_action_demo_interfaces/local/lib/python3.10/dist-packages/robot_action_demo_interfaces/action/_move_robot_s.c
[2.286s] -- Installing: /root/ros2_ws/install/robot_action_demo_interfaces/local/lib/python3.10/dist-packages/robot_action_demo_interfaces/robot_action_demo_interfaces_s__rosidl_typesupport_c.cpython-310-aarch64-linux-gnu.so
[2.308s] Listing '/root/ros2_ws/install/robot_action_demo_interfaces/local/lib/python3.10/dist-packages/robot_action_demo_interfaces'...
[2.308s] Compiling '/root/ros2_ws/install/robot_action_demo_interfaces/local/lib/python3.10/dist-packages/robot_action_demo_interfaces/__init__.py'...
[2.308s] Listing '/root/ros2_ws/install/robot_action_demo_interfaces/local/lib/python3.10/dist-packages/robot_action_demo_interfaces/action'...
[2.308s] Compiling '/root/ros2_ws/install/robot_action_demo_interfaces/local/lib/python3.10/dist-packages/robot_action_demo_interfaces/action/__init__.py'...
[2.308s] Compiling '/root/ros2_ws/install/robot_action_demo_interfaces/local/lib/python3.10/dist-packages/robot_action_demo_interfaces/action/_move_robot.py'...
[2.311s] -- Installing: /root/ros2_ws/install/robot_action_demo_interfaces/local/lib/python3.10/dist-packages/robot_action_demo_interfaces/robot_action_demo_interfaces_s__rosidl_typesupport_fastrtps_c.cpython-310-aarch64-linux-gnu.so
[2.311s] -- Set runtime path of "/root/ros2_ws/install/robot_action_demo_interfaces/local/lib/python3.10/dist-packages/robot_action_demo_interfaces/robot_action_demo_interfaces_s__rosidl_typesupport_fastrtps_c.cpython-310-aarch64-linux-gnu.so" to ""
[2.311s] -- Installing: /root/ros2_ws/install/robot_action_demo_interfaces/local/lib/python3.10/dist-packages/robot_action_demo_interfaces/robot_action_demo_interfaces_s__rosidl_typesupport_introspection_c.cpython-310-aarch64-linux-gnu.so
[2.311s] -- Set runtime path of "/root/ros2_ws/install/robot_action_demo_interfaces/local/lib/python3.10/dist-packages/robot_action_demo_interfaces/robot_action_demo_interfaces_s__rosidl_typesupport_introspection_c.cpython-310-aarch64-linux-gnu.so" to ""
[2.311s] -- Installing: /root/ros2_ws/install/robot_action_demo_interfaces/local/lib/python3.10/dist-packages/robot_action_demo_interfaces/robot_action_demo_interfaces_s__rosidl_typesupport_c.cpython-310-aarch64-linux-gnu.so
[2.312s] -- Set runtime path of "/root/ros2_ws/install/robot_action_demo_interfaces/local/lib/python3.10/dist-packages/robot_action_demo_interfaces/robot_action_demo_interfaces_s__rosidl_typesupport_c.cpython-310-aarch64-linux-gnu.so" to ""
[2.312s] -- Installing: /root/ros2_ws/install/robot_action_demo_interfaces/lib/librobot_action_demo_interfaces__rosidl_generator_py.so
[2.312s] -- Set runtime path of "/root/ros2_ws/install/robot_action_demo_interfaces/lib/librobot_action_demo_interfaces__rosidl_generator_py.so" to ""
[2.312s] -- Installing: /root/ros2_ws/install/robot_action_demo_interfaces/share/robot_action_demo_interfaces/action/MoveRobot.idl
[2.312s] -- Installing: /root/ros2_ws/install/robot_action_demo_interfaces/share/robot_action_demo_interfaces/action/MoveRobot.action
[2.312s] -- Installing: /root/ros2_ws/install/robot_action_demo_interfaces/share/ament_index/resource_index/package_run_dependencies/robot_action_demo_interfaces
[2.312s] -- Installing: /root/ros2_ws/install/robot_action_demo_interfaces/share/ament_index/resource_index/parent_prefix_path/robot_action_demo_interfaces
[2.313s] -- Installing: /root/ros2_ws/install/robot_action_demo_interfaces/share/robot_action_demo_interfaces/environment/ament_prefix_path.sh
[2.313s] -- Installing: /root/ros2_ws/install/robot_action_demo_interfaces/share/robot_action_demo_interfaces/environment/ament_prefix_path.dsv
[2.313s] -- Installing: /root/ros2_ws/install/robot_action_demo_interfaces/share/robot_action_demo_interfaces/environment/path.sh
[2.313s] -- Installing: /root/ros2_ws/install/robot_action_demo_interfaces/share/robot_action_demo_interfaces/environment/path.dsv
[2.313s] -- Installing: /root/ros2_ws/install/robot_action_demo_interfaces/share/robot_action_demo_interfaces/local_setup.bash
[2.313s] -- Installing: /root/ros2_ws/install/robot_action_demo_interfaces/share/robot_action_demo_interfaces/local_setup.sh
[2.313s] -- Installing: /root/ros2_ws/install/robot_action_demo_interfaces/share/robot_action_demo_interfaces/local_setup.zsh
[2.313s] -- Installing: /root/ros2_ws/install/robot_action_demo_interfaces/share/robot_action_demo_interfaces/local_setup.dsv
[2.313s] -- Installing: /root/ros2_ws/install/robot_action_demo_interfaces/share/robot_action_demo_interfaces/package.dsv
[2.313s] -- Installing: /root/ros2_ws/install/robot_action_demo_interfaces/share/ament_index/resource_index/packages/robot_action_demo_interfaces
[2.313s] -- Installing: /root/ros2_ws/install/robot_action_demo_interfaces/share/robot_action_demo_interfaces/cmake/export_robot_action_demo_interfaces__rosidl_generator_cExport.cmake
[2.313s] -- Installing: /root/ros2_ws/install/robot_action_demo_interfaces/share/robot_action_demo_interfaces/cmake/export_robot_action_demo_interfaces__rosidl_generator_cExport-noconfig.cmake
[2.313s] -- Installing: /root/ros2_ws/install/robot_action_demo_interfaces/share/robot_action_demo_interfaces/cmake/export_robot_action_demo_interfaces__rosidl_typesupport_fastrtps_cExport.cmake
[2.313s] -- Installing: /root/ros2_ws/install/robot_action_demo_interfaces/share/robot_action_demo_interfaces/cmake/export_robot_action_demo_interfaces__rosidl_typesupport_fastrtps_cExport-noconfig.cmake
[2.314s] -- Installing: /root/ros2_ws/install/robot_action_demo_interfaces/share/robot_action_demo_interfaces/cmake/robot_action_demo_interfaces__rosidl_typesupport_introspection_cExport.cmake
[2.314s] -- Installing: /root/ros2_ws/install/robot_action_demo_interfaces/share/robot_action_demo_interfaces/cmake/robot_action_demo_interfaces__rosidl_typesupport_introspection_cExport-noconfig.cmake
[2.314s] -- Installing: /root/ros2_ws/install/robot_action_demo_interfaces/share/robot_action_demo_interfaces/cmake/robot_action_demo_interfaces__rosidl_typesupport_cExport.cmake
[2.314s] -- Installing: /root/ros2_ws/install/robot_action_demo_interfaces/share/robot_action_demo_interfaces/cmake/robot_action_demo_interfaces__rosidl_typesupport_cExport-noconfig.cmake
[2.314s] -- Installing: /root/ros2_ws/install/robot_action_demo_interfaces/share/robot_action_demo_interfaces/cmake/export_robot_action_demo_interfaces__rosidl_generator_cppExport.cmake
[2.314s] -- Installing: /root/ros2_ws/install/robot_action_demo_interfaces/share/robot_action_demo_interfaces/cmake/export_robot_action_demo_interfaces__rosidl_typesupport_fastrtps_cppExport.cmake
[2.314s] -- Installing: /root/ros2_ws/install/robot_action_demo_interfaces/share/robot_action_demo_interfaces/cmake/export_robot_action_demo_interfaces__rosidl_typesupport_fastrtps_cppExport-noconfig.cmake
[2.314s] -- Installing: /root/ros2_ws/install/robot_action_demo_interfaces/share/robot_action_demo_interfaces/cmake/robot_action_demo_interfaces__rosidl_typesupport_introspection_cppExport.cmake
[2.314s] -- Installing: /root/ros2_ws/install/robot_action_demo_interfaces/share/robot_action_demo_interfaces/cmake/robot_action_demo_interfaces__rosidl_typesupport_introspection_cppExport-noconfig.cmake
[2.314s] -- Installing: /root/ros2_ws/install/robot_action_demo_interfaces/share/robot_action_demo_interfaces/cmake/robot_action_demo_interfaces__rosidl_typesupport_cppExport.cmake
[2.314s] -- Installing: /root/ros2_ws/install/robot_action_demo_interfaces/share/robot_action_demo_interfaces/cmake/robot_action_demo_interfaces__rosidl_typesupport_cppExport-noconfig.cmake
[2.314s] -- Installing: /root/ros2_ws/install/robot_action_demo_interfaces/share/robot_action_demo_interfaces/cmake/export_robot_action_demo_interfaces__rosidl_generator_pyExport.cmake
[2.314s] -- Installing: /root/ros2_ws/install/robot_action_demo_interfaces/share/robot_action_demo_interfaces/cmake/export_robot_action_demo_interfaces__rosidl_generator_pyExport-noconfig.cmake
[2.314s] -- Installing: /root/ros2_ws/install/robot_action_demo_interfaces/share/robot_action_demo_interfaces/cmake/rosidl_cmake-extras.cmake
[2.315s] -- Installing: /root/ros2_ws/install/robot_action_demo_interfaces/share/robot_action_demo_interfaces/cmake/ament_cmake_export_dependencies-extras.cmake
[2.315s] -- Installing: /root/ros2_ws/install/robot_action_demo_interfaces/share/robot_action_demo_interfaces/cmake/ament_cmake_export_include_directories-extras.cmake
[2.315s] -- Installing: /root/ros2_ws/install/robot_action_demo_interfaces/share/robot_action_demo_interfaces/cmake/ament_cmake_export_libraries-extras.cmake
[2.315s] -- Installing: /root/ros2_ws/install/robot_action_demo_interfaces/share/robot_action_demo_interfaces/cmake/ament_cmake_export_targets-extras.cmake
[2.315s] -- Installing: /root/ros2_ws/install/robot_action_demo_interfaces/share/robot_action_demo_interfaces/cmake/rosidl_cmake_export_typesupport_targets-extras.cmake
[2.315s] -- Installing: /root/ros2_ws/install/robot_action_demo_interfaces/share/robot_action_demo_interfaces/cmake/rosidl_cmake_export_typesupport_libraries-extras.cmake
[2.315s] -- Installing: /root/ros2_ws/install/robot_action_demo_interfaces/share/robot_action_demo_interfaces/cmake/robot_action_demo_interfacesConfig.cmake
[2.315s] -- Installing: /root/ros2_ws/install/robot_action_demo_interfaces/share/robot_action_demo_interfaces/cmake/robot_action_demo_interfacesConfig-version.cmake
[2.315s] -- Installing: /root/ros2_ws/install/robot_action_demo_interfaces/share/robot_action_demo_interfaces/package.xml
[2.316s] Invoked command in '/root/ros2_ws/build/robot_action_demo_interfaces' returned '0': /usr/bin/cmake --install /root/ros2_ws/build/robot_action_demo_interfaces
