running egg_info
creating ../../build/demo_action_pkg/demo_action_pkg.egg-info
writing ../../build/demo_action_pkg/demo_action_pkg.egg-info/PKG-INFO
writing dependency_links to ../../build/demo_action_pkg/demo_action_pkg.egg-info/dependency_links.txt
writing entry points to ../../build/demo_action_pkg/demo_action_pkg.egg-info/entry_points.txt
writing requirements to ../../build/demo_action_pkg/demo_action_pkg.egg-info/requires.txt
writing top-level names to ../../build/demo_action_pkg/demo_action_pkg.egg-info/top_level.txt
writing manifest file '../../build/demo_action_pkg/demo_action_pkg.egg-info/SOURCES.txt'
reading manifest file '../../build/demo_action_pkg/demo_action_pkg.egg-info/SOURCES.txt'
writing manifest file '../../build/demo_action_pkg/demo_action_pkg.egg-info/SOURCES.txt'
running build
running build_py
creating /root/ros_ws/build/demo_action_pkg/build
creating /root/ros_ws/build/demo_action_pkg/build/lib
creating /root/ros_ws/build/demo_action_pkg/build/lib/demo_action_pkg
copying demo_action_pkg/subscriber_node.py -> /root/ros_ws/build/demo_action_pkg/build/lib/demo_action_pkg
copying demo_action_pkg/__init__.py -> /root/ros_ws/build/demo_action_pkg/build/lib/demo_action_pkg
copying demo_action_pkg/publisher_node.py -> /root/ros_ws/build/demo_action_pkg/build/lib/demo_action_pkg
running install
running install_lib
creating /root/ros_ws/install/demo_action_pkg/lib/python3.10/site-packages/demo_action_pkg
copying /root/ros_ws/build/demo_action_pkg/build/lib/demo_action_pkg/subscriber_node.py -> /root/ros_ws/install/demo_action_pkg/lib/python3.10/site-packages/demo_action_pkg
copying /root/ros_ws/build/demo_action_pkg/build/lib/demo_action_pkg/__init__.py -> /root/ros_ws/install/demo_action_pkg/lib/python3.10/site-packages/demo_action_pkg
copying /root/ros_ws/build/demo_action_pkg/build/lib/demo_action_pkg/publisher_node.py -> /root/ros_ws/install/demo_action_pkg/lib/python3.10/site-packages/demo_action_pkg
byte-compiling /root/ros_ws/install/demo_action_pkg/lib/python3.10/site-packages/demo_action_pkg/subscriber_node.py to subscriber_node.cpython-310.pyc
byte-compiling /root/ros_ws/install/demo_action_pkg/lib/python3.10/site-packages/demo_action_pkg/__init__.py to __init__.cpython-310.pyc
byte-compiling /root/ros_ws/install/demo_action_pkg/lib/python3.10/site-packages/demo_action_pkg/publisher_node.py to publisher_node.cpython-310.pyc
running install_data
creating /root/ros_ws/install/demo_action_pkg/share/ament_index
creating /root/ros_ws/install/demo_action_pkg/share/ament_index/resource_index
creating /root/ros_ws/install/demo_action_pkg/share/ament_index/resource_index/packages
copying resource/demo_action_pkg -> /root/ros_ws/install/demo_action_pkg/share/ament_index/resource_index/packages
copying package.xml -> /root/ros_ws/install/demo_action_pkg/share/demo_action_pkg
running install_egg_info
Copying ../../build/demo_action_pkg/demo_action_pkg.egg-info to /root/ros_ws/install/demo_action_pkg/lib/python3.10/site-packages/demo_action_pkg-0.0.0-py3.10.egg-info
running install_scripts
Installing listener script to /root/ros_ws/install/demo_action_pkg/lib/demo_action_pkg
Installing talker script to /root/ros_ws/install/demo_action_pkg/lib/demo_action_pkg
writing list of installed files to '/root/ros_ws/build/demo_action_pkg/install.log'
